<?xml version="1.0" encoding="UTF-8"?>
<!-- Generated by org.testng.reporters.JUnitReportReporter -->
<testsuite hostname="exam" name="Test.Google" tests="1" failures="0" timestamp="10 Sep 2014 10:22:12 GMT" time="9.621" errors="0">
  <testcase name="test" time="9.621" classname="Test.Google"/>
</testsuite> <!-- Test.Google -->
